
> conceal-bridge-ux@0.0.0 start
> ng serve

❯ Building...
✔ Building...
Initial chunk files | Names          |  Raw size
main.js             | main           |  68.57 kB |
chunk-BJUJBE3X.js   | -              |  47.62 kB |
styles.css          | styles         |  41.66 kB |
chunk-FZFOB6UT.js   | -              |   2.16 kB |

                    | Initial total  | 160.00 kB

Lazy chunk files    | Names          |  Raw size
chunk-GW4U3QN5.js   | swap-page      | 114.74 kB |
chunk-D74F65CO.js   | home-page      |  36.08 kB |
chunk-VFVKZNXQ.js   | not-found-page |   3.46 kB |

Application bundle generation complete. [12.103 seconds] - 2025-12-17T02:09:59.196Z

Watch mode enabled. Watching for file changes...
NOTE: Raw file sizes do not reflect development server per-request transformations.
  ➜  Local:   http://localhost:4200/
❯ Changes detected. Rebuilding...
✔ Changes detected. Rebuilding...
Initial chunk files | Names     |  Raw size
main.js             | main      |  68.57 kB |
chunk-NU4AXUUE.js   | -         |  47.84 kB |

Lazy chunk files    | Names     |  Raw size
chunk-5Q5KOCQI.js   | swap-page | 114.74 kB |
chunk-TARSLF5W.js   | home-page |  36.08 kB |

Application bundle generation complete. [2.514 seconds] - 2025-12-17T02:10:34.326Z

Page reload sent to client(s).
❯ Changes detected. Rebuilding...
✔ Changes detected. Rebuilding...
Initial chunk files | Names     |  Raw size
main.js             | main      |  68.57 kB |
chunk-BJUJBE3X.js   | -         |  47.62 kB |

Lazy chunk files    | Names     |  Raw size
chunk-GW4U3QN5.js   | swap-page | 114.74 kB |
chunk-D74F65CO.js   | home-page |  36.08 kB |

Application bundle generation complete. [1.510 seconds] - 2025-12-17T02:12:44.307Z

Page reload sent to client(s).
